2022-01-05 10:30:45.123 [main] INFO  com.example.Application - Application starting...
2022-01-05 10:30:45.456 [main] INFO  com.example.SomeService - Initializing SomeService...
2022-01-05 10:30:46.789 [main] ERROR com.example.SomeController - An error occurred in SomeController
java.lang.RuntimeException: Simulated exception in SomeController
    at com.example.SomeController.handleRequest(SomeController.java:42)
    at org.springframework.web.servlet.mvc.method.annotation.RequestMappingHandlerAdapter.handleInternal(RequestMappingHandlerAdapter.java:876)
    at org.springframework.web.servlet.mvc.method.AbstractHandlerMethodAdapter.handle(AbstractHandlerMethodAdapter.java:87)
    at org.springframework.web.servlet.DispatcherServlet.doDispatch(DispatcherServlet.java:1040)
    at org.springframework.web.servlet.DispatcherServlet.doService(DispatcherServlet.java:943)
    at org.springframework.web.servlet.FrameworkServlet.processRequest(FrameworkServlet.java:1006)
    at org.springframework.web.servlet.FrameworkServlet.doGet(FrameworkServlet.java:898)
    at javax.servlet.http.HttpServlet.service(HttpServlet.java:626)
    at org.springframework.web.servlet.FrameworkServlet.service(FrameworkServlet.java:883)
    at javax.servlet.http.HttpServlet.service(HttpServlet.java:733)
    at org.apache.catalina.core.ApplicationFilterChain.internalDoFilter(ApplicationFilterChain.java:231)
    at org.apache.catalina.core.ApplicationFilterChain.doFilter(ApplicationFilterChain.java:166)
    at org.apache.tomcat.websocket.server.WsFilter.doFilter(WsFilter.java:52)
    at org.apache.catalina.core.ApplicationFilterChain.internalDoFilter(ApplicationFilterChain.java:193)
    at org.apache.catalina.core.ApplicationFilterChain.doFilter(ApplicationFilterChain.java:166)
    at org.springframework.web.filter.RequestContextFilter.doFilterInternal(RequestContextFilter.java:100)
    at org.springframework.web.filter.OncePerRequestFilter.doFilter(OncePerRequestFilter.java:119)
    at org.apache.catalina.core.ApplicationFilterChain.internalDoFilter(ApplicationFilterChain.java:193)
    at org.apache.catalina.core.ApplicationFilterChain.doFilter(ApplicationFilterChain.java:166)
    at org.springframework.web.filter.FormContentFilter.doFilterInternal(FormContentFilter.java:93)
    at org.springframework.web.filter.OncePerRequestFilter.doFilter(OncePerRequestFilter.java:119)
    at org.apache.catalina.core.ApplicationFilterChain.internalDoFilter(ApplicationFilterChain.java:193)
    at org.apache.catalina.core.ApplicationFilterChain.doFilter(ApplicationFilterChain.java:166)
    at org.springframework.web.filter.CharacterEncodingFilter.doFilterInternal(CharacterEncodingFilter.java:201)
    at org.springframework.web.filter.OncePerRequestFilter.doFilter(OncePerRequestFilter.java:119)
    at org.apache.catalina.core.ApplicationFilterChain.internalDoFilter(ApplicationFilterChain.java:193)
    at org.apache.catalina.core.ApplicationFilterChain.doFilter(ApplicationFilterChain.java:166)
    at org.apache.catalina.core.StandardWrapperValve.invoke(StandardWrapperValve.java:202)
    at org.apache.catalina.core.StandardContextValve.invoke(StandardContextValve.java:96)
    at org.apache.catalina.authenticator.AuthenticatorBase.invoke(AuthenticatorBase.java:541)
    at org.apache.catalina.core.StandardHostValve.invoke(StandardHostValve.java:139)
    at org.apache.catalina.valves.ErrorReportValve.invoke(ErrorReportValve.java:92)
    at org.apache.catalina.valves.AbstractAccessLogValve.invoke(AbstractAccessLogValve.java:687)
    at org.apache.catalina.core.StandardEngineValve.invoke(StandardEngineValve.java:74)
    at org.apache.catalina.connector.CoyoteAdapter.service(CoyoteAdapter.java:343)
    at org.apache.coyote.http11.Http11Processor.service(Http11Processor.java:373)
    at org.apache.coyote.AbstractProcessorLight.process(AbstractProcessorLight.java:65)
    at org.apache.coyote.AbstractProtocol$ConnectionHandler.process(AbstractProtocol.java:868)
    at org.apache.tomcat.util.net.NioEndpoint$SocketProcessor.doRun(NioEndpoint.java:1590)
    at org.apache.tomcat.util.net.SocketProcessorBase.run(SocketProcessorBase.java:49)
    at java.util.concurrent.ThreadPoolExecutor.runWorker(ThreadPoolExecutor.java:1149)
    at java.util.concurrent.ThreadPoolExecutor$Worker.run(ThreadPoolExecutor.java:624)
    at org.apache.tomcat.util.threads.TaskThread$WrappingRunnable.run(TaskThread.java:61)
    at java.lang.Thread.run(Thread.java:748)

2022-01-05 10:30:47.234 [main] WARN  com.example.AnotherService - Something unexpected happened in AnotherService
java.lang.NullPointerException: Simulated NPE in AnotherService
    at com.example.AnotherService.processData(AnotherService.java:56)
    at com.example.AnotherService.run(AnotherService.java:38)
    at java.lang.Thread.run(Thread.java:748)

2022-01-05 10:30:48.567 [main] INFO  com.example.Application - Application shutting down...
